{"/home/gabrielpondaco/trybe-exercicios/fundamentos/bloco07-javaScriptES6-testes-unitarios/7.3/exercicios2/exBonus/searchEmployee.js": {"path":"/home/gabrielpondaco/trybe-exercicios/fundamentos/bloco07-javaScriptES6-testes-unitarios/7.3/exercicios2/exBonus/searchEmployee.js","statementMap":{"0":{"start":{"line":2,"column":26},"end":{"line":39,"column":1}},"1":{"start":{"line":42,"column":23},"end":{"line":53,"column":1}},"2":{"start":{"line":44,"column":2},"end":{"line":46,"column":3}},"3":{"start":{"line":45,"column":4},"end":{"line":45,"column":48}},"4":{"start":{"line":47,"column":2},"end":{"line":51,"column":3}},"5":{"start":{"line":48,"column":4},"end":{"line":50,"column":5}},"6":{"start":{"line":49,"column":6},"end":{"line":49,"column":25}},"7":{"start":{"line":52,"column":2},"end":{"line":52,"column":31}},"8":{"start":{"line":57,"column":0},"end":{"line":57,"column":32}}},"fnMap":{"0":{"name":"(anonymous_0)","decl":{"start":{"line":42,"column":23},"end":{"line":42,"column":24}},"loc":{"start":{"line":42,"column":39},"end":{"line":53,"column":1}},"line":42}},"branchMap":{"0":{"loc":{"start":{"line":44,"column":2},"end":{"line":46,"column":3}},"type":"if","locations":[{"start":{"line":44,"column":2},"end":{"line":46,"column":3}},{"start":{},"end":{}}],"line":44},"1":{"loc":{"start":{"line":48,"column":4},"end":{"line":50,"column":5}},"type":"if","locations":[{"start":{"line":48,"column":4},"end":{"line":50,"column":5}},{"start":{},"end":{}}],"line":48}},"s":{"0":1,"1":1,"2":7,"3":2,"4":5,"5":24,"6":3,"7":2,"8":1},"f":{"0":7},"b":{"0":[2,5],"1":[3,21]},"_coverageSchema":"1a1c01bbd47fc00a2c39e90264f33305004495a9","hash":"ebdd16faf1c3ce3913af45a476c9fa926ab3a42d"}
}
